C51 COMPILER V9.01   DELAY                                                                 05/21/2020 18:25:14 PAGE 1   


C51 COMPILER V9.01, COMPILATION OF MODULE DELAY
OBJECT MODULE PLACED IN delay.OBJ
COMPILER INVOKED BY: C:\Keil\C51\BIN\C51.EXE delay.c BROWSE DEBUG OBJECTEXTEND

line level    source

   1          # include <reg51.h>
   2          # include <intrins.h>
   3          # include "delay.h"
   4          void delay(unsigned int ms)
   5          {
   6   1              unsigned char i; 
   7   1      
   8   1        while(ms--)                 
   9   1      
  10   1              
  11   1      
  12   1       for(i=0;i<100;i++); 
  13   1      }
  14          //***************延时函数************************************* 
  15          void delay_10us(unsigned char us)
  16          {
  17   1              while(us--);
  18   1      }
  19          
  20          void delay_ms(unsigned char ms)
  21          {
  22   1              unsigned char i,j;
  23   1              for(i=ms;i>0;i--)
  24   1                      for(j=114;j>0;j--);
  25   1      }
  26          
  27          void delay1()//一个for循环大概需要8个多机器周期Ｒ桓龌器周期为1us【д裎12MHzＲ簿褪撬当竞数延时8us多
             -〈搜邮焙数必须德稍微精确一点 
  28          
  29          { 
  30   1      
  31   1        unsigned char i; 
  32   1      
  33   1        for(i=0;i<1;i++); 
  34   1      
  35   1      }
  36           void delay_h(unsigned char ms) //延时模块// 
  37          
  38          { 
  39   1       unsigned i; 
  40   1        while(ms--)                 
  41   1       for(i=0;i<100;i++); 
  42   1      
  43   1      }  
  44          


MODULE INFORMATION:   STATIC OVERLAYABLE
   CODE SIZE        =     76    ----
   CONSTANT SIZE    =   ----    ----
   XDATA SIZE       =   ----    ----
   PDATA SIZE       =   ----    ----
   DATA SIZE        =   ----    ----
   IDATA SIZE       =   ----    ----
   BIT SIZE         =   ----    ----
C51 COMPILER V9.01   DELAY                                                                 05/21/2020 18:25:14 PAGE 2   

END OF MODULE INFORMATION.


C51 COMPILATION COMPLETE.  0 WARNING(S),  0 ERROR(S)
