C51 COMPILER V9.01   WIFI                                                                  05/21/2020 18:25:15 PAGE 1   


C51 COMPILER V9.01, COMPILATION OF MODULE WIFI
OBJECT MODULE PLACED IN wifi.OBJ
COMPILER INVOKED BY: C:\Keil\C51\BIN\C51.EXE wifi.c BROWSE DEBUG OBJECTEXTEND

line level    source

   1          # include <reg51.h>
   2          # include <intrins.h>
   3          # include "delay.h"
   4          # include "wifi.h"
   5          #define uint unsigned int 
   6          #define uchar unsigned char  
   7          sbit ESP8266_RST_Pin=P3^5;
   8          sbit ESP8266_CH_PD_Pin=P3^6; 
   9          void UART_SendByte(uchar dat)
  10          {
  11   1              ES=0; //关闭串口中断
  12   1              TI=0; //清发送完毕中断请求标志位
  13   1              SBUF=dat; //发送
  14   1              while(TI==0); //等待发送完毕
  15   1              TI=0; //清发送完毕中断请求标志位
  16   1              ES=1; //允许串口中断
  17   1      }
  18          
  19          
  20          
  21          void ESP8266_SendData(uchar *pbuf)
  22          {
  23   1      //      ESP8266_SendCmd("AT+CIPSEND=0,1");
  24   1              while(*pbuf!='\0') //遇到空格跳出循环   
  25   1              {
  26   2                      UART_SendByte(*pbuf);
  27   2                      delay_10us(5);
  28   2                      pbuf++; 
  29   2              }
  30   1              delay_10us(5);
  31   1              UART_SendByte('\n');//换行      
  32   1              delay_ms(10);
  33   1      }
  34          //ESP8266-WIFI模块工作模式初始化
  35          void ESP8266_ModeInit(void)
  36          {
  37   1              
  38   1              ESP8266_RST_Pin=1;
  39   1              ESP8266_CH_PD_Pin=1;
  40   1      
  41   1      //      ESP8266_SendCmd("AT+CWMODE=3");//设置路由器模式 1 staTIon模式 2 AP点 路由器模式 3 station+AP混合模式
  42   1      //              ESP8266_SendCmd("AT+CWSAP=\"WANGZI\",\"123456789\",11,2");
  43   1      //      ESP8266_SendCmd("AT+RST"); //重新启动wifi模块
  44   1      //      ESP8266_SendCmd("AT+CWJAP_DEF=\"wangzijie\",\"123456789\"");//连接电脑wifi
  45   1      //      ESP8266_SendCmd("AT+CIPMUX=1");//启动多连接
  46   1      //      ESP8266_SendCmd("AT+CIPSERVER=0");
  47   1        //  ESP8266_SendCmd("AT+SAVETRANSLINK=1,\"192.168.31.90\",9999,\"TCP\"");
  48   1      //      ESP8266_SendCmd("AT+CIPSTART=0,\"TCP\",\"192.168.31.90\",9999");        //启动TCP/IP 端口为9999 实现基于网络控
             -制
  49   1              
  50   1              
  51   1      } 


MODULE INFORMATION:   STATIC OVERLAYABLE
C51 COMPILER V9.01   WIFI                                                                  05/21/2020 18:25:15 PAGE 2   

   CODE SIZE        =     71    ----
   CONSTANT SIZE    =   ----    ----
   XDATA SIZE       =   ----    ----
   PDATA SIZE       =   ----    ----
   DATA SIZE        =   ----       3
   IDATA SIZE       =   ----    ----
   BIT SIZE         =   ----    ----
END OF MODULE INFORMATION.


C51 COMPILATION COMPLETE.  0 WARNING(S),  0 ERROR(S)
