C51 COMPILER V9.01   YUDI                                                                  05/21/2020 18:25:15 PAGE 1   


C51 COMPILER V9.01, COMPILATION OF MODULE YUDI
OBJECT MODULE PLACED IN yudi.OBJ
COMPILER INVOKED BY: C:\Keil\C51\BIN\C51.EXE yudi.c BROWSE DEBUG OBJECTEXTEND

line level    source

   1          #include<reg51.h>
   2          # include"1602.h"
   3          # include"yidi.h"
   4          #include"delay.h"
   5          sbit yudi=P1^7;
   6          sbit beep=P3^7; 
   7          unsigned char panduanyu()
   8          {
   9   1         beep=1;
  10   1         if(yudi==0)   //位0时有水
  11   1         {
  12   2            sound();
  13   2                return 0; 
  14   2         }
  15   1         else
  16   1         {
  17   2                      return 1; 
  18   2         }
  19   1      }
  20          void sound()  //报警
  21          {
  22   1              unsigned char b=50;
  23   1              while(b--)
  24   1              {
  25   2                      beep=!beep;
  26   2                      delay(10);
  27   2              }
  28   1      }


MODULE INFORMATION:   STATIC OVERLAYABLE
   CODE SIZE        =     36    ----
   CONSTANT SIZE    =   ----    ----
   XDATA SIZE       =   ----    ----
   PDATA SIZE       =   ----    ----
   DATA SIZE        =   ----       1
   IDATA SIZE       =   ----    ----
   BIT SIZE         =   ----    ----
END OF MODULE INFORMATION.


C51 COMPILATION COMPLETE.  0 WARNING(S),  0 ERROR(S)
